<?xml version="1.0" encoding="UTF-8"?>
<!-- Generated by org.testng.reporters.JUnitReportReporter -->
<testsuite hostname="DESKTOP-NFU91QR" failures="0" tests="2" name="orange.maven.project.Login_To_Orange" time="34.057" errors="0" timestamp="2022-03-17T15:53:55 IST" skipped="0">
  <testcase classname="orange.maven.project.Login_To_Orange" name="launchApplication" time="16.610"/>
  <system-out/>
  <testcase classname="orange.maven.project.Login_To_Orange" name="loginToApplication" time="17.447"/>
  <system-out/>
</testsuite> <!-- orange.maven.project.Login_To_Orange -->
